\BOOKMARK [0][-]{chapter*.1}{Declaration}{}% 1
\BOOKMARK [0][-]{chapter*.2}{Acknowledgements}{}% 2
\BOOKMARK [0][-]{chapter*.3}{Dedication}{}% 3
\BOOKMARK [0][-]{chapter*.4}{Abstract}{}% 4
\BOOKMARK [0][-]{chapter.1}{Introduction}{}% 5
\BOOKMARK [1][-]{section.1.1}{Overview}{chapter.1}% 6
\BOOKMARK [1][-]{section.1.2}{Background and Motivation}{chapter.1}% 7
\BOOKMARK [1][-]{section.1.3}{Aim and Objectives of the Study}{chapter.1}% 8
\BOOKMARK [1][-]{section.1.4}{Purpose of the Study}{chapter.1}% 9
\BOOKMARK [1][-]{section.1.5}{Organization of Essay}{chapter.1}% 10
\BOOKMARK [0][-]{chapter.2}{Classical and Cloud Computing}{}% 11
\BOOKMARK [1][-]{section.2.1}{Classical Computing}{chapter.2}% 12
\BOOKMARK [1][-]{section.2.2}{Cloud Computing}{chapter.2}% 13
\BOOKMARK [1][-]{section.2.3}{Classical Homomorphic Encryption and its Limitations}{chapter.2}% 14
\BOOKMARK [0][-]{chapter.3}{Quantum Computing and Quantum Homomorphic Encryption}{}% 15
\BOOKMARK [1][-]{section.3.1}{Quantum Computing}{chapter.3}% 16
\BOOKMARK [1][-]{section.3.2}{Approach Techniques}{chapter.3}% 17
\BOOKMARK [1][-]{section.3.3}{Quantum Homomorphic Encryption}{chapter.3}% 18
\BOOKMARK [0][-]{chapter.4}{Applications}{}% 19
\BOOKMARK [1][-]{section.4.1}{School Example}{chapter.4}% 20
\BOOKMARK [1][-]{section.4.2}{Hospital Example}{chapter.4}% 21
\BOOKMARK [0][-]{chapter.5}{Conclusion and Recommendations}{}% 22
